The integer vectors in the final columns of each
permutation listing describe how a list 1, 2, ...
gets permuted. So "2 1" implies that element 2 is
mapped to position 1, and the first one ends up in 
second position.
Number of permutations:  768
Perm #:     1 Perm:    1    2    3    4    5    6    7    8    9   10   11   12   13   14   15   16
Perm #:     2 Perm:    1    2    3    4    9   10   11   12    5    6    7    8   13   14   15   16
Perm #:     3 Perm:    1    2    5    6    3    4    7    8    9   10   13   14   11   12   15   16
Perm #:     4 Perm:    1    2    5    6    9   10   13   14    3    4    7    8   11   12   15   16
Perm #:     5 Perm:    1    2    9   10    3    4   11   12    5    6   13   14    7    8   15   16
Perm #:     6 Perm:    1    2    9   10    5    6   13   14    3    4   11   12    7    8   15   16
Perm #:     7 Perm:    1    4    3    2    5    8    7    6    9   12   11   10   13   16   15   14
Perm #:     8 Perm:    1    4    3    2    9   12   11   10    5    8    7    6   13   16   15   14
Perm #:     9 Perm:    1    4    5    8    3    2    7    6    9   12   13   16   11   10   15   14
Perm #:    10 Perm:    1    4    5    8    9   12   13   16    3    2    7    6   11   10   15   14
Perm #:    11 Perm:    1    4    9   12    3    2   11   10    5    8   13   16    7    6   15   14
Perm #:    12 Perm:    1    4    9   12    5    8   13   16    3    2   11   10    7    6   15   14
Perm #:    13 Perm:    1    6    3    8    5    2    7    4    9   14   11   16   13   10   15   12
Perm #:    14 Perm:    1    6    3    8    9   14   11   16    5    2    7    4   13   10   15   12
Perm #:    15 Perm:    1    6    5    2    3    8    7    4    9   14   13   10   11   16   15   12
Perm #:    16 Perm:    1    6    5    2    9   14   13   10    3    8    7    4   11   16   15   12
Perm #:    17 Perm:    1    6    9   14    3    8   11   16    5    2   13   10    7    4   15   12
Perm #:    18 Perm:    1    6    9   14    5    2   13   10    3    8   11   16    7    4   15   12
Perm #:    19 Perm:    1    8    3    6    5    4    7    2    9   16   11   14   13   12   15   10
Perm #:    20 Perm:    1    8    3    6    9   16   11   14    5    4    7    2   13   12   15   10
Perm #:    21 Perm:    1    8    5    4    3    6    7    2    9   16   13   12   11   14   15   10
Perm #:    22 Perm:    1    8    5    4    9   16   13   12    3    6    7    2   11   14   15   10
Perm #:    23 Perm:    1    8    9   16    3    6   11   14    5    4   13   12    7    2   15   10
Perm #:    24 Perm:    1    8    9   16    5    4   13   12    3    6   11   14    7    2   15   10
Perm #:    25 Perm:    1   10    3   12    5   14    7   16    9    2   11    4   13    6   15    8
Perm #:    26 Perm:    1   10    3   12    9    2   11    4    5   14    7   16   13    6   15    8
Perm #:    27 Perm:    1   10    5   14    3   12    7   16    9    2   13    6   11    4   15    8
Perm #:    28 Perm:    1   10    5   14    9    2   13    6    3   12    7   16   11    4   15    8
Perm #:    29 Perm:    1   10    9    2    3   12   11    4    5   14   13    6    7   16   15    8
Perm #:    30 Perm:    1   10    9    2    5   14   13    6    3   12   11    4    7   16   15    8
Perm #:    31 Perm:    1   12    3   10    5   16    7   14    9    4   11    2   13    8   15    6
Perm #:    32 Perm:    1   12    3   10    9    4   11    2    5   16    7   14   13    8   15    6
Perm #:    33 Perm:    1   12    5   16    3   10    7   14    9    4   13    8   11    2   15    6
Perm #:    34 Perm:    1   12    5   16    9    4   13    8    3   10    7   14   11    2   15    6
Perm #:    35 Perm:    1   12    9    4    3   10   11    2    5   16   13    8    7   14   15    6
Perm #:    36 Perm:    1   12    9    4    5   16   13    8    3   10   11    2    7   14   15    6
Perm #:    37 Perm:    1   14    3   16    5   10    7   12    9    6   11    8   13    2   15    4
Perm #:    38 Perm:    1   14    3   16    9    6   11    8    5   10    7   12   13    2   15    4
Perm #:    39 Perm:    1   14    5   10    3   16    7   12    9    6   13    2   11    8   15    4
Perm #:    40 Perm:    1   14    5   10    9    6   13    2    3   16    7   12   11    8   15    4
Perm #:    41 Perm:    1   14    9    6    3   16   11    8    5   10   13    2    7   12   15    4
Perm #:    42 Perm:    1   14    9    6    5   10   13    2    3   16   11    8    7   12   15    4
Perm #:    43 Perm:    1   16    3   14    5   12    7   10    9    8   11    6   13    4   15    2
Perm #:    44 Perm:    1   16    3   14    9    8   11    6    5   12    7   10   13    4   15    2
Perm #:    45 Perm:    1   16    5   12    3   14    7   10    9    8   13    4   11    6   15    2
Perm #:    46 Perm:    1   16    5   12    9    8   13    4    3   14    7   10   11    6   15    2
Perm #:    47 Perm:    1   16    9    8    3   14   11    6    5   12   13    4    7   10   15    2
Perm #:    48 Perm:    1   16    9    8    5   12   13    4    3   14   11    6    7   10   15    2
Perm #:    49 Perm:    2    1    4    3    6    5    8    7   10    9   12   11   14   13   16   15
Perm #:    50 Perm:    2    1    4    3   10    9   12   11    6    5    8    7   14   13   16   15
Perm #:    51 Perm:    2    1    6    5    4    3    8    7   10    9   14   13   12   11   16   15
Perm #:    52 Perm:    2    1    6    5   10    9   14   13    4    3    8    7   12   11   16   15
Perm #:    53 Perm:    2    1   10    9    4    3   12   11    6    5   14   13    8    7   16   15
Perm #:    54 Perm:    2    1   10    9    6    5   14   13    4    3   12   11    8    7   16   15
Perm #:    55 Perm:    2    3    4    1    6    7    8    5   10   11   12    9   14   15   16   13
Perm #:    56 Perm:    2    3    4    1   10   11   12    9    6    7    8    5   14   15   16   13
Perm #:    57 Perm:    2    3    6    7    4    1    8    5   10   11   14   15   12    9   16   13
Perm #:    58 Perm:    2    3    6    7   10   11   14   15    4    1    8    5   12    9   16   13
Perm #:    59 Perm:    2    3   10   11    4    1   12    9    6    7   14   15    8    5   16   13
Perm #:    60 Perm:    2    3   10   11    6    7   14   15    4    1   12    9    8    5   16   13
Perm #:    61 Perm:    2    5    4    7    6    1    8    3   10   13   12   15   14    9   16   11
Perm #:    62 Perm:    2    5    4    7   10   13   12   15    6    1    8    3   14    9   16   11
Perm #:    63 Perm:    2    5    6    1    4    7    8    3   10   13   14    9   12   15   16   11
Perm #:    64 Perm:    2    5    6    1   10   13   14    9    4    7    8    3   12   15   16   11
Perm #:    65 Perm:    2    5   10   13    4    7   12   15    6    1   14    9    8    3   16   11
Perm #:    66 Perm:    2    5   10   13    6    1   14    9    4    7   12   15    8    3   16   11
Perm #:    67 Perm:    2    7    4    5    6    3    8    1   10   15   12   13   14   11   16    9
Perm #:    68 Perm:    2    7    4    5   10   15   12   13    6    3    8    1   14   11   16    9
Perm #:    69 Perm:    2    7    6    3    4    5    8    1   10   15   14   11   12   13   16    9
Perm #:    70 Perm:    2    7    6    3   10   15   14   11    4    5    8    1   12   13   16    9
Perm #:    71 Perm:    2    7   10   15    4    5   12   13    6    3   14   11    8    1   16    9
Perm #:    72 Perm:    2    7   10   15    6    3   14   11    4    5   12   13    8    1   16    9
Perm #:    73 Perm:    2    9    4   11    6   13    8   15   10    1   12    3   14    5   16    7
Perm #:    74 Perm:    2    9    4   11   10    1   12    3    6   13    8   15   14    5   16    7
Perm #:    75 Perm:    2    9    6   13    4   11    8   15   10    1   14    5   12    3   16    7
Perm #:    76 Perm:    2    9    6   13   10    1   14    5    4   11    8   15   12    3   16    7
Perm #:    77 Perm:    2    9   10    1    4   11   12    3    6   13   14    5    8   15   16    7
Perm #:    78 Perm:    2    9   10    1    6   13   14    5    4   11   12    3    8   15   16    7
Perm #:    79 Perm:    2   11    4    9    6   15    8   13   10    3   12    1   14    7   16    5
Perm #:    80 Perm:    2   11    4    9   10    3   12    1    6   15    8   13   14    7   16    5
Perm #:    81 Perm:    2   11    6   15    4    9    8   13   10    3   14    7   12    1   16    5
Perm #:    82 Perm:    2   11    6   15   10    3   14    7    4    9    8   13   12    1   16    5
Perm #:    83 Perm:    2   11   10    3    4    9   12    1    6   15   14    7    8   13   16    5
Perm #:    84 Perm:    2   11   10    3    6   15   14    7    4    9   12    1    8   13   16    5
Perm #:    85 Perm:    2   13    4   15    6    9    8   11   10    5   12    7   14    1   16    3
Perm #:    86 Perm:    2   13    4   15   10    5   12    7    6    9    8   11   14    1   16    3
Perm #:    87 Perm:    2   13    6    9    4   15    8   11   10    5   14    1   12    7   16    3
Perm #:    88 Perm:    2   13    6    9   10    5   14    1    4   15    8   11   12    7   16    3
Perm #:    89 Perm:    2   13   10    5    4   15   12    7    6    9   14    1    8   11   16    3
Perm #:    90 Perm:    2   13   10    5    6    9   14    1    4   15   12    7    8   11   16    3
Perm #:    91 Perm:    2   15    4   13    6   11    8    9   10    7   12    5   14    3   16    1
Perm #:    92 Perm:    2   15    4   13   10    7   12    5    6   11    8    9   14    3   16    1
Perm #:    93 Perm:    2   15    6   11    4   13    8    9   10    7   14    3   12    5   16    1
Perm #:    94 Perm:    2   15    6   11   10    7   14    3    4   13    8    9   12    5   16    1
Perm #:    95 Perm:    2   15   10    7    4   13   12    5    6   11   14    3    8    9   16    1
Perm #:    96 Perm:    2   15   10    7    6   11   14    3    4   13   12    5    8    9   16    1
Perm #:    97 Perm:    3    2    1    4    7    6    5    8   11   10    9   12   15   14   13   16
Perm #:    98 Perm:    3    2    1    4   11   10    9   12    7    6    5    8   15   14   13   16
Perm #:    99 Perm:    3    2    7    6    1    4    5    8   11   10   15   14    9   12   13   16
Perm #:   100 Perm:    3    2    7    6   11   10   15   14    1    4    5    8    9   12   13   16
Perm #:   101 Perm:    3    2   11   10    1    4    9   12    7    6   15   14    5    8   13   16
Perm #:   102 Perm:    3    2   11   10    7    6   15   14    1    4    9   12    5    8   13   16
Perm #:   103 Perm:    3    4    1    2    7    8    5    6   11   12    9   10   15   16   13   14
Perm #:   104 Perm:    3    4    1    2   11   12    9   10    7    8    5    6   15   16   13   14
Perm #:   105 Perm:    3    4    7    8    1    2    5    6   11   12   15   16    9   10   13   14
Perm #:   106 Perm:    3    4    7    8   11   12   15   16    1    2    5    6    9   10   13   14
Perm #:   107 Perm:    3    4   11   12    1    2    9   10    7    8   15   16    5    6   13   14
Perm #:   108 Perm:    3    4   11   12    7    8   15   16    1    2    9   10    5    6   13   14
Perm #:   109 Perm:    3    6    1    8    7    2    5    4   11   14    9   16   15   10   13   12
Perm #:   110 Perm:    3    6    1    8   11   14    9   16    7    2    5    4   15   10   13   12
Perm #:   111 Perm:    3    6    7    2    1    8    5    4   11   14   15   10    9   16   13   12
Perm #:   112 Perm:    3    6    7    2   11   14   15   10    1    8    5    4    9   16   13   12
Perm #:   113 Perm:    3    6   11   14    1    8    9   16    7    2   15   10    5    4   13   12
Perm #:   114 Perm:    3    6   11   14    7    2   15   10    1    8    9   16    5    4   13   12
Perm #:   115 Perm:    3    8    1    6    7    4    5    2   11   16    9   14   15   12   13   10
Perm #:   116 Perm:    3    8    1    6   11   16    9   14    7    4    5    2   15   12   13   10
Perm #:   117 Perm:    3    8    7    4    1    6    5    2   11   16   15   12    9   14   13   10
Perm #:   118 Perm:    3    8    7    4   11   16   15   12    1    6    5    2    9   14   13   10
Perm #:   119 Perm:    3    8   11   16    1    6    9   14    7    4   15   12    5    2   13   10
Perm #:   120 Perm:    3    8   11   16    7    4   15   12    1    6    9   14    5    2   13   10
Perm #:   121 Perm:    3   10    1   12    7   14    5   16   11    2    9    4   15    6   13    8
Perm #:   122 Perm:    3   10    1   12   11    2    9    4    7   14    5   16   15    6   13    8
Perm #:   123 Perm:    3   10    7   14    1   12    5   16   11    2   15    6    9    4   13    8
Perm #:   124 Perm:    3   10    7   14   11    2   15    6    1   12    5   16    9    4   13    8
Perm #:   125 Perm:    3   10   11    2    1   12    9    4    7   14   15    6    5   16   13    8
Perm #:   126 Perm:    3   10   11    2    7   14   15    6    1   12    9    4    5   16   13    8
Perm #:   127 Perm:    3   12    1   10    7   16    5   14   11    4    9    2   15    8   13    6
Perm #:   128 Perm:    3   12    1   10   11    4    9    2    7   16    5   14   15    8   13    6
Perm #:   129 Perm:    3   12    7   16    1   10    5   14   11    4   15    8    9    2   13    6
Perm #:   130 Perm:    3   12    7   16   11    4   15    8    1   10    5   14    9    2   13    6
Perm #:   131 Perm:    3   12   11    4    1   10    9    2    7   16   15    8    5   14   13    6
Perm #:   132 Perm:    3   12   11    4    7   16   15    8    1   10    9    2    5   14   13    6
Perm #:   133 Perm:    3   14    1   16    7   10    5   12   11    6    9    8   15    2   13    4
Perm #:   134 Perm:    3   14    1   16   11    6    9    8    7   10    5   12   15    2   13    4
Perm #:   135 Perm:    3   14    7   10    1   16    5   12   11    6   15    2    9    8   13    4
Perm #:   136 Perm:    3   14    7   10   11    6   15    2    1   16    5   12    9    8   13    4
Perm #:   137 Perm:    3   14   11    6    1   16    9    8    7   10   15    2    5   12   13    4
Perm #:   138 Perm:    3   14   11    6    7   10   15    2    1   16    9    8    5   12   13    4
Perm #:   139 Perm:    3   16    1   14    7   12    5   10   11    8    9    6   15    4   13    2
Perm #:   140 Perm:    3   16    1   14   11    8    9    6    7   12    5   10   15    4   13    2
Perm #:   141 Perm:    3   16    7   12    1   14    5   10   11    8   15    4    9    6   13    2
Perm #:   142 Perm:    3   16    7   12   11    8   15    4    1   14    5   10    9    6   13    2
Perm #:   143 Perm:    3   16   11    8    1   14    9    6    7   12   15    4    5   10   13    2
Perm #:   144 Perm:    3   16   11    8    7   12   15    4    1   14    9    6    5   10   13    2
Perm #:   145 Perm:    4    1    2    3    8    5    6    7   12    9   10   11   16   13   14   15
Perm #:   146 Perm:    4    1    2    3   12    9   10   11    8    5    6    7   16   13   14   15
Perm #:   147 Perm:    4    1    8    5    2    3    6    7   12    9   16   13   10   11   14   15
Perm #:   148 Perm:    4    1    8    5   12    9   16   13    2    3    6    7   10   11   14   15
Perm #:   149 Perm:    4    1   12    9    2    3   10   11    8    5   16   13    6    7   14   15
Perm #:   150 Perm:    4    1   12    9    8    5   16   13    2    3   10   11    6    7   14   15
Perm #:   151 Perm:    4    3    2    1    8    7    6    5   12   11   10    9   16   15   14   13
Perm #:   152 Perm:    4    3    2    1   12   11   10    9    8    7    6    5   16   15   14   13
Perm #:   153 Perm:    4    3    8    7    2    1    6    5   12   11   16   15   10    9   14   13
Perm #:   154 Perm:    4    3    8    7   12   11   16   15    2    1    6    5   10    9   14   13
Perm #:   155 Perm:    4    3   12   11    2    1   10    9    8    7   16   15    6    5   14   13
Perm #:   156 Perm:    4    3   12   11    8    7   16   15    2    1   10    9    6    5   14   13
Perm #:   157 Perm:    4    5    2    7    8    1    6    3   12   13   10   15   16    9   14   11
Perm #:   158 Perm:    4    5    2    7   12   13   10   15    8    1    6    3   16    9   14   11
Perm #:   159 Perm:    4    5    8    1    2    7    6    3   12   13   16    9   10   15   14   11
Perm #:   160 Perm:    4    5    8    1   12   13   16    9    2    7    6    3   10   15   14   11
Perm #:   161 Perm:    4    5   12   13    2    7   10   15    8    1   16    9    6    3   14   11
Perm #:   162 Perm:    4    5   12   13    8    1   16    9    2    7   10   15    6    3   14   11
Perm #:   163 Perm:    4    7    2    5    8    3    6    1   12   15   10   13   16   11   14    9
Perm #:   164 Perm:    4    7    2    5   12   15   10   13    8    3    6    1   16   11   14    9
Perm #:   165 Perm:    4    7    8    3    2    5    6    1   12   15   16   11   10   13   14    9
Perm #:   166 Perm:    4    7    8    3   12   15   16   11    2    5    6    1   10   13   14    9
Perm #:   167 Perm:    4    7   12   15    2    5   10   13    8    3   16   11    6    1   14    9
Perm #:   168 Perm:    4    7   12   15    8    3   16   11    2    5   10   13    6    1   14    9
Perm #:   169 Perm:    4    9    2   11    8   13    6   15   12    1   10    3   16    5   14    7
Perm #:   170 Perm:    4    9    2   11   12    1   10    3    8   13    6   15   16    5   14    7
Perm #:   171 Perm:    4    9    8   13    2   11    6   15   12    1   16    5   10    3   14    7
Perm #:   172 Perm:    4    9    8   13   12    1   16    5    2   11    6   15   10    3   14    7
Perm #:   173 Perm:    4    9   12    1    2   11   10    3    8   13   16    5    6   15   14    7
Perm #:   174 Perm:    4    9   12    1    8   13   16    5    2   11   10    3    6   15   14    7
Perm #:   175 Perm:    4   11    2    9    8   15    6   13   12    3   10    1   16    7   14    5
Perm #:   176 Perm:    4   11    2    9   12    3   10    1    8   15    6   13   16    7   14    5
Perm #:   177 Perm:    4   11    8   15    2    9    6   13   12    3   16    7   10    1   14    5
Perm #:   178 Perm:    4   11    8   15   12    3   16    7    2    9    6   13   10    1   14    5
Perm #:   179 Perm:    4   11   12    3    2    9   10    1    8   15   16    7    6   13   14    5
Perm #:   180 Perm:    4   11   12    3    8   15   16    7    2    9   10    1    6   13   14    5
Perm #:   181 Perm:    4   13    2   15    8    9    6   11   12    5   10    7   16    1   14    3
Perm #:   182 Perm:    4   13    2   15   12    5   10    7    8    9    6   11   16    1   14    3
Perm #:   183 Perm:    4   13    8    9    2   15    6   11   12    5   16    1   10    7   14    3
Perm #:   184 Perm:    4   13    8    9   12    5   16    1    2   15    6   11   10    7   14    3
Perm #:   185 Perm:    4   13   12    5    2   15   10    7    8    9   16    1    6   11   14    3
Perm #:   186 Perm:    4   13   12    5    8    9   16    1    2   15   10    7    6   11   14    3
Perm #:   187 Perm:    4   15    2   13    8   11    6    9   12    7   10    5   16    3   14    1
Perm #:   188 Perm:    4   15    2   13   12    7   10    5    8   11    6    9   16    3   14    1
Perm #:   189 Perm:    4   15    8   11    2   13    6    9   12    7   16    3   10    5   14    1
Perm #:   190 Perm:    4   15    8   11   12    7   16    3    2   13    6    9   10    5   14    1
Perm #:   191 Perm:    4   15   12    7    2   13   10    5    8   11   16    3    6    9   14    1
Perm #:   192 Perm:    4   15   12    7    8   11   16    3    2   13   10    5    6    9   14    1
Perm #:   193 Perm:    5    2    1    6    7    4    3    8   13   10    9   14   15   12   11   16
Perm #:   194 Perm:    5    2    1    6   13   10    9   14    7    4    3    8   15   12   11   16
Perm #:   195 Perm:    5    2    7    4    1    6    3    8   13   10   15   12    9   14   11   16
Perm #:   196 Perm:    5    2    7    4   13   10   15   12    1    6    3    8    9   14   11   16
Perm #:   197 Perm:    5    2   13   10    1    6    9   14    7    4   15   12    3    8   11   16
Perm #:   198 Perm:    5    2   13   10    7    4   15   12    1    6    9   14    3    8   11   16
Perm #:   199 Perm:    5    4    1    8    7    2    3    6   13   12    9   16   15   10   11   14
Perm #:   200 Perm:    5    4    1    8   13   12    9   16    7    2    3    6   15   10   11   14
Perm #:   201 Perm:    5    4    7    2    1    8    3    6   13   12   15   10    9   16   11   14
Perm #:   202 Perm:    5    4    7    2   13   12   15   10    1    8    3    6    9   16   11   14
Perm #:   203 Perm:    5    4   13   12    1    8    9   16    7    2   15   10    3    6   11   14
Perm #:   204 Perm:    5    4   13   12    7    2   15   10    1    8    9   16    3    6   11   14
Perm #:   205 Perm:    5    6    1    2    7    8    3    4   13   14    9   10   15   16   11   12
Perm #:   206 Perm:    5    6    1    2   13   14    9   10    7    8    3    4   15   16   11   12
Perm #:   207 Perm:    5    6    7    8    1    2    3    4   13   14   15   16    9   10   11   12
Perm #:   208 Perm:    5    6    7    8   13   14   15   16    1    2    3    4    9   10   11   12
Perm #:   209 Perm:    5    6   13   14    1    2    9   10    7    8   15   16    3    4   11   12
Perm #:   210 Perm:    5    6   13   14    7    8   15   16    1    2    9   10    3    4   11   12
Perm #:   211 Perm:    5    8    1    4    7    6    3    2   13   16    9   12   15   14   11   10
Perm #:   212 Perm:    5    8    1    4   13   16    9   12    7    6    3    2   15   14   11   10
Perm #:   213 Perm:    5    8    7    6    1    4    3    2   13   16   15   14    9   12   11   10
Perm #:   214 Perm:    5    8    7    6   13   16   15   14    1    4    3    2    9   12   11   10
Perm #:   215 Perm:    5    8   13   16    1    4    9   12    7    6   15   14    3    2   11   10
Perm #:   216 Perm:    5    8   13   16    7    6   15   14    1    4    9   12    3    2   11   10
Perm #:   217 Perm:    5   10    1   14    7   12    3   16   13    2    9    6   15    4   11    8
Perm #:   218 Perm:    5   10    1   14   13    2    9    6    7   12    3   16   15    4   11    8
Perm #:   219 Perm:    5   10    7   12    1   14    3   16   13    2   15    4    9    6   11    8
Perm #:   220 Perm:    5   10    7   12   13    2   15    4    1   14    3   16    9    6   11    8
Perm #:   221 Perm:    5   10   13    2    1   14    9    6    7   12   15    4    3   16   11    8
Perm #:   222 Perm:    5   10   13    2    7   12   15    4    1   14    9    6    3   16   11    8
Perm #:   223 Perm:    5   12    1   16    7   10    3   14   13    4    9    8   15    2   11    6
Perm #:   224 Perm:    5   12    1   16   13    4    9    8    7   10    3   14   15    2   11    6
Perm #:   225 Perm:    5   12    7   10    1   16    3   14   13    4   15    2    9    8   11    6
Perm #:   226 Perm:    5   12    7   10   13    4   15    2    1   16    3   14    9    8   11    6
Perm #:   227 Perm:    5   12   13    4    1   16    9    8    7   10   15    2    3   14   11    6
Perm #:   228 Perm:    5   12   13    4    7   10   15    2    1   16    9    8    3   14   11    6
Perm #:   229 Perm:    5   14    1   10    7   16    3   12   13    6    9    2   15    8   11    4
Perm #:   230 Perm:    5   14    1   10   13    6    9    2    7   16    3   12   15    8   11    4
Perm #:   231 Perm:    5   14    7   16    1   10    3   12   13    6   15    8    9    2   11    4
Perm #:   232 Perm:    5   14    7   16   13    6   15    8    1   10    3   12    9    2   11    4
Perm #:   233 Perm:    5   14   13    6    1   10    9    2    7   16   15    8    3   12   11    4
Perm #:   234 Perm:    5   14   13    6    7   16   15    8    1   10    9    2    3   12   11    4
Perm #:   235 Perm:    5   16    1   12    7   14    3   10   13    8    9    4   15    6   11    2
Perm #:   236 Perm:    5   16    1   12   13    8    9    4    7   14    3   10   15    6   11    2
Perm #:   237 Perm:    5   16    7   14    1   12    3   10   13    8   15    6    9    4   11    2
Perm #:   238 Perm:    5   16    7   14   13    8   15    6    1   12    3   10    9    4   11    2
Perm #:   239 Perm:    5   16   13    8    1   12    9    4    7   14   15    6    3   10   11    2
Perm #:   240 Perm:    5   16   13    8    7   14   15    6    1   12    9    4    3   10   11    2
Perm #:   241 Perm:    6    1    2    5    8    3    4    7   14    9   10   13   16   11   12   15
Perm #:   242 Perm:    6    1    2    5   14    9   10   13    8    3    4    7   16   11   12   15
Perm #:   243 Perm:    6    1    8    3    2    5    4    7   14    9   16   11   10   13   12   15
Perm #:   244 Perm:    6    1    8    3   14    9   16   11    2    5    4    7   10   13   12   15
Perm #:   245 Perm:    6    1   14    9    2    5   10   13    8    3   16   11    4    7   12   15
Perm #:   246 Perm:    6    1   14    9    8    3   16   11    2    5   10   13    4    7   12   15
Perm #:   247 Perm:    6    3    2    7    8    1    4    5   14   11   10   15   16    9   12   13
Perm #:   248 Perm:    6    3    2    7   14   11   10   15    8    1    4    5   16    9   12   13
Perm #:   249 Perm:    6    3    8    1    2    7    4    5   14   11   16    9   10   15   12   13
Perm #:   250 Perm:    6    3    8    1   14   11   16    9    2    7    4    5   10   15   12   13
Perm #:   251 Perm:    6    3   14   11    2    7   10   15    8    1   16    9    4    5   12   13
Perm #:   252 Perm:    6    3   14   11    8    1   16    9    2    7   10   15    4    5   12   13
Perm #:   253 Perm:    6    5    2    1    8    7    4    3   14   13   10    9   16   15   12   11
Perm #:   254 Perm:    6    5    2    1   14   13   10    9    8    7    4    3   16   15   12   11
Perm #:   255 Perm:    6    5    8    7    2    1    4    3   14   13   16   15   10    9   12   11
Perm #:   256 Perm:    6    5    8    7   14   13   16   15    2    1    4    3   10    9   12   11
Perm #:   257 Perm:    6    5   14   13    2    1   10    9    8    7   16   15    4    3   12   11
Perm #:   258 Perm:    6    5   14   13    8    7   16   15    2    1   10    9    4    3   12   11
Perm #:   259 Perm:    6    7    2    3    8    5    4    1   14   15   10   11   16   13   12    9
Perm #:   260 Perm:    6    7    2    3   14   15   10   11    8    5    4    1   16   13   12    9
Perm #:   261 Perm:    6    7    8    5    2    3    4    1   14   15   16   13   10   11   12    9
Perm #:   262 Perm:    6    7    8    5   14   15   16   13    2    3    4    1   10   11   12    9
Perm #:   263 Perm:    6    7   14   15    2    3   10   11    8    5   16   13    4    1   12    9
Perm #:   264 Perm:    6    7   14   15    8    5   16   13    2    3   10   11    4    1   12    9
Perm #:   265 Perm:    6    9    2   13    8   11    4   15   14    1   10    5   16    3   12    7
Perm #:   266 Perm:    6    9    2   13   14    1   10    5    8   11    4   15   16    3   12    7
Perm #:   267 Perm:    6    9    8   11    2   13    4   15   14    1   16    3   10    5   12    7
Perm #:   268 Perm:    6    9    8   11   14    1   16    3    2   13    4   15   10    5   12    7
Perm #:   269 Perm:    6    9   14    1    2   13   10    5    8   11   16    3    4   15   12    7
Perm #:   270 Perm:    6    9   14    1    8   11   16    3    2   13   10    5    4   15   12    7
Perm #:   271 Perm:    6   11    2   15    8    9    4   13   14    3   10    7   16    1   12    5
Perm #:   272 Perm:    6   11    2   15   14    3   10    7    8    9    4   13   16    1   12    5
Perm #:   273 Perm:    6   11    8    9    2   15    4   13   14    3   16    1   10    7   12    5
Perm #:   274 Perm:    6   11    8    9   14    3   16    1    2   15    4   13   10    7   12    5
Perm #:   275 Perm:    6   11   14    3    2   15   10    7    8    9   16    1    4   13   12    5
Perm #:   276 Perm:    6   11   14    3    8    9   16    1    2   15   10    7    4   13   12    5
Perm #:   277 Perm:    6   13    2    9    8   15    4   11   14    5   10    1   16    7   12    3
Perm #:   278 Perm:    6   13    2    9   14    5   10    1    8   15    4   11   16    7   12    3
Perm #:   279 Perm:    6   13    8   15    2    9    4   11   14    5   16    7   10    1   12    3
Perm #:   280 Perm:    6   13    8   15   14    5   16    7    2    9    4   11   10    1   12    3
Perm #:   281 Perm:    6   13   14    5    2    9   10    1    8   15   16    7    4   11   12    3
Perm #:   282 Perm:    6   13   14    5    8   15   16    7    2    9   10    1    4   11   12    3
Perm #:   283 Perm:    6   15    2   11    8   13    4    9   14    7   10    3   16    5   12    1
Perm #:   284 Perm:    6   15    2   11   14    7   10    3    8   13    4    9   16    5   12    1
Perm #:   285 Perm:    6   15    8   13    2   11    4    9   14    7   16    5   10    3   12    1
Perm #:   286 Perm:    6   15    8   13   14    7   16    5    2   11    4    9   10    3   12    1
Perm #:   287 Perm:    6   15   14    7    2   11   10    3    8   13   16    5    4    9   12    1
Perm #:   288 Perm:    6   15   14    7    8   13   16    5    2   11   10    3    4    9   12    1
Perm #:   289 Perm:    7    2    3    6    5    4    1    8   15   10   11   14   13   12    9   16
Perm #:   290 Perm:    7    2    3    6   15   10   11   14    5    4    1    8   13   12    9   16
Perm #:   291 Perm:    7    2    5    4    3    6    1    8   15   10   13   12   11   14    9   16
Perm #:   292 Perm:    7    2    5    4   15   10   13   12    3    6    1    8   11   14    9   16
Perm #:   293 Perm:    7    2   15   10    3    6   11   14    5    4   13   12    1    8    9   16
Perm #:   294 Perm:    7    2   15   10    5    4   13   12    3    6   11   14    1    8    9   16
Perm #:   295 Perm:    7    4    3    8    5    2    1    6   15   12   11   16   13   10    9   14
Perm #:   296 Perm:    7    4    3    8   15   12   11   16    5    2    1    6   13   10    9   14
Perm #:   297 Perm:    7    4    5    2    3    8    1    6   15   12   13   10   11   16    9   14
Perm #:   298 Perm:    7    4    5    2   15   12   13   10    3    8    1    6   11   16    9   14
Perm #:   299 Perm:    7    4   15   12    3    8   11   16    5    2   13   10    1    6    9   14
Perm #:   300 Perm:    7    4   15   12    5    2   13   10    3    8   11   16    1    6    9   14
Perm #:   301 Perm:    7    6    3    2    5    8    1    4   15   14   11   10   13   16    9   12
Perm #:   302 Perm:    7    6    3    2   15   14   11   10    5    8    1    4   13   16    9   12
Perm #:   303 Perm:    7    6    5    8    3    2    1    4   15   14   13   16   11   10    9   12
Perm #:   304 Perm:    7    6    5    8   15   14   13   16    3    2    1    4   11   10    9   12
Perm #:   305 Perm:    7    6   15   14    3    2   11   10    5    8   13   16    1    4    9   12
Perm #:   306 Perm:    7    6   15   14    5    8   13   16    3    2   11   10    1    4    9   12
Perm #:   307 Perm:    7    8    3    4    5    6    1    2   15   16   11   12   13   14    9   10
Perm #:   308 Perm:    7    8    3    4   15   16   11   12    5    6    1    2   13   14    9   10
Perm #:   309 Perm:    7    8    5    6    3    4    1    2   15   16   13   14   11   12    9   10
Perm #:   310 Perm:    7    8    5    6   15   16   13   14    3    4    1    2   11   12    9   10
Perm #:   311 Perm:    7    8   15   16    3    4   11   12    5    6   13   14    1    2    9   10
Perm #:   312 Perm:    7    8   15   16    5    6   13   14    3    4   11   12    1    2    9   10
Perm #:   313 Perm:    7   10    3   14    5   12    1   16   15    2   11    6   13    4    9    8
Perm #:   314 Perm:    7   10    3   14   15    2   11    6    5   12    1   16   13    4    9    8
Perm #:   315 Perm:    7   10    5   12    3   14    1   16   15    2   13    4   11    6    9    8
Perm #:   316 Perm:    7   10    5   12   15    2   13    4    3   14    1   16   11    6    9    8
Perm #:   317 Perm:    7   10   15    2    3   14   11    6    5   12   13    4    1   16    9    8
Perm #:   318 Perm:    7   10   15    2    5   12   13    4    3   14   11    6    1   16    9    8
Perm #:   319 Perm:    7   12    3   16    5   10    1   14   15    4   11    8   13    2    9    6
Perm #:   320 Perm:    7   12    3   16   15    4   11    8    5   10    1   14   13    2    9    6
Perm #:   321 Perm:    7   12    5   10    3   16    1   14   15    4   13    2   11    8    9    6
Perm #:   322 Perm:    7   12    5   10   15    4   13    2    3   16    1   14   11    8    9    6
Perm #:   323 Perm:    7   12   15    4    3   16   11    8    5   10   13    2    1   14    9    6
Perm #:   324 Perm:    7   12   15    4    5   10   13    2    3   16   11    8    1   14    9    6
Perm #:   325 Perm:    7   14    3   10    5   16    1   12   15    6   11    2   13    8    9    4
Perm #:   326 Perm:    7   14    3   10   15    6   11    2    5   16    1   12   13    8    9    4
Perm #:   327 Perm:    7   14    5   16    3   10    1   12   15    6   13    8   11    2    9    4
Perm #:   328 Perm:    7   14    5   16   15    6   13    8    3   10    1   12   11    2    9    4
Perm #:   329 Perm:    7   14   15    6    3   10   11    2    5   16   13    8    1   12    9    4
Perm #:   330 Perm:    7   14   15    6    5   16   13    8    3   10   11    2    1   12    9    4
Perm #:   331 Perm:    7   16    3   12    5   14    1   10   15    8   11    4   13    6    9    2
Perm #:   332 Perm:    7   16    3   12   15    8   11    4    5   14    1   10   13    6    9    2
Perm #:   333 Perm:    7   16    5   14    3   12    1   10   15    8   13    6   11    4    9    2
Perm #:   334 Perm:    7   16    5   14   15    8   13    6    3   12    1   10   11    4    9    2
Perm #:   335 Perm:    7   16   15    8    3   12   11    4    5   14   13    6    1   10    9    2
Perm #:   336 Perm:    7   16   15    8    5   14   13    6    3   12   11    4    1   10    9    2
Perm #:   337 Perm:    8    1    4    5    6    3    2    7   16    9   12   13   14   11   10   15
Perm #:   338 Perm:    8    1    4    5   16    9   12   13    6    3    2    7   14   11   10   15
Perm #:   339 Perm:    8    1    6    3    4    5    2    7   16    9   14   11   12   13   10   15
Perm #:   340 Perm:    8    1    6    3   16    9   14   11    4    5    2    7   12   13   10   15
Perm #:   341 Perm:    8    1   16    9    4    5   12   13    6    3   14   11    2    7   10   15
Perm #:   342 Perm:    8    1   16    9    6    3   14   11    4    5   12   13    2    7   10   15
Perm #:   343 Perm:    8    3    4    7    6    1    2    5   16   11   12   15   14    9   10   13
Perm #:   344 Perm:    8    3    4    7   16   11   12   15    6    1    2    5   14    9   10   13
Perm #:   345 Perm:    8    3    6    1    4    7    2    5   16   11   14    9   12   15   10   13
Perm #:   346 Perm:    8    3    6    1   16   11   14    9    4    7    2    5   12   15   10   13
Perm #:   347 Perm:    8    3   16   11    4    7   12   15    6    1   14    9    2    5   10   13
Perm #:   348 Perm:    8    3   16   11    6    1   14    9    4    7   12   15    2    5   10   13
Perm #:   349 Perm:    8    5    4    1    6    7    2    3   16   13   12    9   14   15   10   11
Perm #:   350 Perm:    8    5    4    1   16   13   12    9    6    7    2    3   14   15   10   11
Perm #:   351 Perm:    8    5    6    7    4    1    2    3   16   13   14   15   12    9   10   11
Perm #:   352 Perm:    8    5    6    7   16   13   14   15    4    1    2    3   12    9   10   11
Perm #:   353 Perm:    8    5   16   13    4    1   12    9    6    7   14   15    2    3   10   11
Perm #:   354 Perm:    8    5   16   13    6    7   14   15    4    1   12    9    2    3   10   11
Perm #:   355 Perm:    8    7    4    3    6    5    2    1   16   15   12   11   14   13   10    9
Perm #:   356 Perm:    8    7    4    3   16   15   12   11    6    5    2    1   14   13   10    9
Perm #:   357 Perm:    8    7    6    5    4    3    2    1   16   15   14   13   12   11   10    9
Perm #:   358 Perm:    8    7    6    5   16   15   14   13    4    3    2    1   12   11   10    9
Perm #:   359 Perm:    8    7   16   15    4    3   12   11    6    5   14   13    2    1   10    9
Perm #:   360 Perm:    8    7   16   15    6    5   14   13    4    3   12   11    2    1   10    9
Perm #:   361 Perm:    8    9    4   13    6   11    2   15   16    1   12    5   14    3   10    7
Perm #:   362 Perm:    8    9    4   13   16    1   12    5    6   11    2   15   14    3   10    7
Perm #:   363 Perm:    8    9    6   11    4   13    2   15   16    1   14    3   12    5   10    7
Perm #:   364 Perm:    8    9    6   11   16    1   14    3    4   13    2   15   12    5   10    7
Perm #:   365 Perm:    8    9   16    1    4   13   12    5    6   11   14    3    2   15   10    7
Perm #:   366 Perm:    8    9   16    1    6   11   14    3    4   13   12    5    2   15   10    7
Perm #:   367 Perm:    8   11    4   15    6    9    2   13   16    3   12    7   14    1   10    5
Perm #:   368 Perm:    8   11    4   15   16    3   12    7    6    9    2   13   14    1   10    5
Perm #:   369 Perm:    8   11    6    9    4   15    2   13   16    3   14    1   12    7   10    5
Perm #:   370 Perm:    8   11    6    9   16    3   14    1    4   15    2   13   12    7   10    5
Perm #:   371 Perm:    8   11   16    3    4   15   12    7    6    9   14    1    2   13   10    5
Perm #:   372 Perm:    8   11   16    3    6    9   14    1    4   15   12    7    2   13   10    5
Perm #:   373 Perm:    8   13    4    9    6   15    2   11   16    5   12    1   14    7   10    3
Perm #:   374 Perm:    8   13    4    9   16    5   12    1    6   15    2   11   14    7   10    3
Perm #:   375 Perm:    8   13    6   15    4    9    2   11   16    5   14    7   12    1   10    3
Perm #:   376 Perm:    8   13    6   15   16    5   14    7    4    9    2   11   12    1   10    3
Perm #:   377 Perm:    8   13   16    5    4    9   12    1    6   15   14    7    2   11   10    3
Perm #:   378 Perm:    8   13   16    5    6   15   14    7    4    9   12    1    2   11   10    3
Perm #:   379 Perm:    8   15    4   11    6   13    2    9   16    7   12    3   14    5   10    1
Perm #:   380 Perm:    8   15    4   11   16    7   12    3    6   13    2    9   14    5   10    1
Perm #:   381 Perm:    8   15    6   13    4   11    2    9   16    7   14    5   12    3   10    1
Perm #:   382 Perm:    8   15    6   13   16    7   14    5    4   11    2    9   12    3   10    1
Perm #:   383 Perm:    8   15   16    7    4   11   12    3    6   13   14    5    2    9   10    1
Perm #:   384 Perm:    8   15   16    7    6   13   14    5    4   11   12    3    2    9   10    1
Perm #:   385 Perm:    9    2    1   10   11    4    3   12   13    6    5   14   15    8    7   16
Perm #:   386 Perm:    9    2    1   10   13    6    5   14   11    4    3   12   15    8    7   16
Perm #:   387 Perm:    9    2   11    4    1   10    3   12   13    6   15    8    5   14    7   16
Perm #:   388 Perm:    9    2   11    4   13    6   15    8    1   10    3   12    5   14    7   16
Perm #:   389 Perm:    9    2   13    6    1   10    5   14   11    4   15    8    3   12    7   16
Perm #:   390 Perm:    9    2   13    6   11    4   15    8    1   10    5   14    3   12    7   16
Perm #:   391 Perm:    9    4    1   12   11    2    3   10   13    8    5   16   15    6    7   14
Perm #:   392 Perm:    9    4    1   12   13    8    5   16   11    2    3   10   15    6    7   14
Perm #:   393 Perm:    9    4   11    2    1   12    3   10   13    8   15    6    5   16    7   14
Perm #:   394 Perm:    9    4   11    2   13    8   15    6    1   12    3   10    5   16    7   14
Perm #:   395 Perm:    9    4   13    8    1   12    5   16   11    2   15    6    3   10    7   14
Perm #:   396 Perm:    9    4   13    8   11    2   15    6    1   12    5   16    3   10    7   14
Perm #:   397 Perm:    9    6    1   14   11    8    3   16   13    2    5   10   15    4    7   12
Perm #:   398 Perm:    9    6    1   14   13    2    5   10   11    8    3   16   15    4    7   12
Perm #:   399 Perm:    9    6   11    8    1   14    3   16   13    2   15    4    5   10    7   12
Perm #:   400 Perm:    9    6   11    8   13    2   15    4    1   14    3   16    5   10    7   12
Perm #:   401 Perm:    9    6   13    2    1   14    5   10   11    8   15    4    3   16    7   12
Perm #:   402 Perm:    9    6   13    2   11    8   15    4    1   14    5   10    3   16    7   12
Perm #:   403 Perm:    9    8    1   16   11    6    3   14   13    4    5   12   15    2    7   10
Perm #:   404 Perm:    9    8    1   16   13    4    5   12   11    6    3   14   15    2    7   10
Perm #:   405 Perm:    9    8   11    6    1   16    3   14   13    4   15    2    5   12    7   10
Perm #:   406 Perm:    9    8   11    6   13    4   15    2    1   16    3   14    5   12    7   10
Perm #:   407 Perm:    9    8   13    4    1   16    5   12   11    6   15    2    3   14    7   10
Perm #:   408 Perm:    9    8   13    4   11    6   15    2    1   16    5   12    3   14    7   10
Perm #:   409 Perm:    9   10    1    2   11   12    3    4   13   14    5    6   15   16    7    8
Perm #:   410 Perm:    9   10    1    2   13   14    5    6   11   12    3    4   15   16    7    8
Perm #:   411 Perm:    9   10   11   12    1    2    3    4   13   14   15   16    5    6    7    8
Perm #:   412 Perm:    9   10   11   12   13   14   15   16    1    2    3    4    5    6    7    8
Perm #:   413 Perm:    9   10   13   14    1    2    5    6   11   12   15   16    3    4    7    8
Perm #:   414 Perm:    9   10   13   14   11   12   15   16    1    2    5    6    3    4    7    8
Perm #:   415 Perm:    9   12    1    4   11   10    3    2   13   16    5    8   15   14    7    6
Perm #:   416 Perm:    9   12    1    4   13   16    5    8   11   10    3    2   15   14    7    6
Perm #:   417 Perm:    9   12   11   10    1    4    3    2   13   16   15   14    5    8    7    6
Perm #:   418 Perm:    9   12   11   10   13   16   15   14    1    4    3    2    5    8    7    6
Perm #:   419 Perm:    9   12   13   16    1    4    5    8   11   10   15   14    3    2    7    6
Perm #:   420 Perm:    9   12   13   16   11   10   15   14    1    4    5    8    3    2    7    6
Perm #:   421 Perm:    9   14    1    6   11   16    3    8   13   10    5    2   15   12    7    4
Perm #:   422 Perm:    9   14    1    6   13   10    5    2   11   16    3    8   15   12    7    4
Perm #:   423 Perm:    9   14   11   16    1    6    3    8   13   10   15   12    5    2    7    4
Perm #:   424 Perm:    9   14   11   16   13   10   15   12    1    6    3    8    5    2    7    4
Perm #:   425 Perm:    9   14   13   10    1    6    5    2   11   16   15   12    3    8    7    4
Perm #:   426 Perm:    9   14   13   10   11   16   15   12    1    6    5    2    3    8    7    4
Perm #:   427 Perm:    9   16    1    8   11   14    3    6   13   12    5    4   15   10    7    2
Perm #:   428 Perm:    9   16    1    8   13   12    5    4   11   14    3    6   15   10    7    2
Perm #:   429 Perm:    9   16   11   14    1    8    3    6   13   12   15   10    5    4    7    2
Perm #:   430 Perm:    9   16   11   14   13   12   15   10    1    8    3    6    5    4    7    2
Perm #:   431 Perm:    9   16   13   12    1    8    5    4   11   14   15   10    3    6    7    2
Perm #:   432 Perm:    9   16   13   12   11   14   15   10    1    8    5    4    3    6    7    2
Perm #:   433 Perm:   10    1    2    9   12    3    4   11   14    5    6   13   16    7    8   15
Perm #:   434 Perm:   10    1    2    9   14    5    6   13   12    3    4   11   16    7    8   15
Perm #:   435 Perm:   10    1   12    3    2    9    4   11   14    5   16    7    6   13    8   15
Perm #:   436 Perm:   10    1   12    3   14    5   16    7    2    9    4   11    6   13    8   15
Perm #:   437 Perm:   10    1   14    5    2    9    6   13   12    3   16    7    4   11    8   15
Perm #:   438 Perm:   10    1   14    5   12    3   16    7    2    9    6   13    4   11    8   15
Perm #:   439 Perm:   10    3    2   11   12    1    4    9   14    7    6   15   16    5    8   13
Perm #:   440 Perm:   10    3    2   11   14    7    6   15   12    1    4    9   16    5    8   13
Perm #:   441 Perm:   10    3   12    1    2   11    4    9   14    7   16    5    6   15    8   13
Perm #:   442 Perm:   10    3   12    1   14    7   16    5    2   11    4    9    6   15    8   13
Perm #:   443 Perm:   10    3   14    7    2   11    6   15   12    1   16    5    4    9    8   13
Perm #:   444 Perm:   10    3   14    7   12    1   16    5    2   11    6   15    4    9    8   13
Perm #:   445 Perm:   10    5    2   13   12    7    4   15   14    1    6    9   16    3    8   11
Perm #:   446 Perm:   10    5    2   13   14    1    6    9   12    7    4   15   16    3    8   11
Perm #:   447 Perm:   10    5   12    7    2   13    4   15   14    1   16    3    6    9    8   11
Perm #:   448 Perm:   10    5   12    7   14    1   16    3    2   13    4   15    6    9    8   11
Perm #:   449 Perm:   10    5   14    1    2   13    6    9   12    7   16    3    4   15    8   11
Perm #:   450 Perm:   10    5   14    1   12    7   16    3    2   13    6    9    4   15    8   11
Perm #:   451 Perm:   10    7    2   15   12    5    4   13   14    3    6   11   16    1    8    9
Perm #:   452 Perm:   10    7    2   15   14    3    6   11   12    5    4   13   16    1    8    9
Perm #:   453 Perm:   10    7   12    5    2   15    4   13   14    3   16    1    6   11    8    9
Perm #:   454 Perm:   10    7   12    5   14    3   16    1    2   15    4   13    6   11    8    9
Perm #:   455 Perm:   10    7   14    3    2   15    6   11   12    5   16    1    4   13    8    9
Perm #:   456 Perm:   10    7   14    3   12    5   16    1    2   15    6   11    4   13    8    9
Perm #:   457 Perm:   10    9    2    1   12   11    4    3   14   13    6    5   16   15    8    7
Perm #:   458 Perm:   10    9    2    1   14   13    6    5   12   11    4    3   16   15    8    7
Perm #:   459 Perm:   10    9   12   11    2    1    4    3   14   13   16   15    6    5    8    7
Perm #:   460 Perm:   10    9   12   11   14   13   16   15    2    1    4    3    6    5    8    7
Perm #:   461 Perm:   10    9   14   13    2    1    6    5   12   11   16   15    4    3    8    7
Perm #:   462 Perm:   10    9   14   13   12   11   16   15    2    1    6    5    4    3    8    7
Perm #:   463 Perm:   10   11    2    3   12    9    4    1   14   15    6    7   16   13    8    5
Perm #:   464 Perm:   10   11    2    3   14   15    6    7   12    9    4    1   16   13    8    5
Perm #:   465 Perm:   10   11   12    9    2    3    4    1   14   15   16   13    6    7    8    5
Perm #:   466 Perm:   10   11   12    9   14   15   16   13    2    3    4    1    6    7    8    5
Perm #:   467 Perm:   10   11   14   15    2    3    6    7   12    9   16   13    4    1    8    5
Perm #:   468 Perm:   10   11   14   15   12    9   16   13    2    3    6    7    4    1    8    5
Perm #:   469 Perm:   10   13    2    5   12   15    4    7   14    9    6    1   16   11    8    3
Perm #:   470 Perm:   10   13    2    5   14    9    6    1   12   15    4    7   16   11    8    3
Perm #:   471 Perm:   10   13   12   15    2    5    4    7   14    9   16   11    6    1    8    3
Perm #:   472 Perm:   10   13   12   15   14    9   16   11    2    5    4    7    6    1    8    3
Perm #:   473 Perm:   10   13   14    9    2    5    6    1   12   15   16   11    4    7    8    3
Perm #:   474 Perm:   10   13   14    9   12   15   16   11    2    5    6    1    4    7    8    3
Perm #:   475 Perm:   10   15    2    7   12   13    4    5   14   11    6    3   16    9    8    1
Perm #:   476 Perm:   10   15    2    7   14   11    6    3   12   13    4    5   16    9    8    1
Perm #:   477 Perm:   10   15   12   13    2    7    4    5   14   11   16    9    6    3    8    1
Perm #:   478 Perm:   10   15   12   13   14   11   16    9    2    7    4    5    6    3    8    1
Perm #:   479 Perm:   10   15   14   11    2    7    6    3   12   13   16    9    4    5    8    1
Perm #:   480 Perm:   10   15   14   11   12   13   16    9    2    7    6    3    4    5    8    1
Perm #:   481 Perm:   11    2    3   10    9    4    1   12   15    6    7   14   13    8    5   16
Perm #:   482 Perm:   11    2    3   10   15    6    7   14    9    4    1   12   13    8    5   16
Perm #:   483 Perm:   11    2    9    4    3   10    1   12   15    6   13    8    7   14    5   16
Perm #:   484 Perm:   11    2    9    4   15    6   13    8    3   10    1   12    7   14    5   16
Perm #:   485 Perm:   11    2   15    6    3   10    7   14    9    4   13    8    1   12    5   16
Perm #:   486 Perm:   11    2   15    6    9    4   13    8    3   10    7   14    1   12    5   16
Perm #:   487 Perm:   11    4    3   12    9    2    1   10   15    8    7   16   13    6    5   14
Perm #:   488 Perm:   11    4    3   12   15    8    7   16    9    2    1   10   13    6    5   14
Perm #:   489 Perm:   11    4    9    2    3   12    1   10   15    8   13    6    7   16    5   14
Perm #:   490 Perm:   11    4    9    2   15    8   13    6    3   12    1   10    7   16    5   14
Perm #:   491 Perm:   11    4   15    8    3   12    7   16    9    2   13    6    1   10    5   14
Perm #:   492 Perm:   11    4   15    8    9    2   13    6    3   12    7   16    1   10    5   14
Perm #:   493 Perm:   11    6    3   14    9    8    1   16   15    2    7   10   13    4    5   12
Perm #:   494 Perm:   11    6    3   14   15    2    7   10    9    8    1   16   13    4    5   12
Perm #:   495 Perm:   11    6    9    8    3   14    1   16   15    2   13    4    7   10    5   12
Perm #:   496 Perm:   11    6    9    8   15    2   13    4    3   14    1   16    7   10    5   12
Perm #:   497 Perm:   11    6   15    2    3   14    7   10    9    8   13    4    1   16    5   12
Perm #:   498 Perm:   11    6   15    2    9    8   13    4    3   14    7   10    1   16    5   12
Perm #:   499 Perm:   11    8    3   16    9    6    1   14   15    4    7   12   13    2    5   10
Perm #:   500 Perm:   11    8    3   16   15    4    7   12    9    6    1   14   13    2    5   10
Perm #:   501 Perm:   11    8    9    6    3   16    1   14   15    4   13    2    7   12    5   10
Perm #:   502 Perm:   11    8    9    6   15    4   13    2    3   16    1   14    7   12    5   10
Perm #:   503 Perm:   11    8   15    4    3   16    7   12    9    6   13    2    1   14    5   10
Perm #:   504 Perm:   11    8   15    4    9    6   13    2    3   16    7   12    1   14    5   10
Perm #:   505 Perm:   11   10    3    2    9   12    1    4   15   14    7    6   13   16    5    8
Perm #:   506 Perm:   11   10    3    2   15   14    7    6    9   12    1    4   13   16    5    8
Perm #:   507 Perm:   11   10    9   12    3    2    1    4   15   14   13   16    7    6    5    8
Perm #:   508 Perm:   11   10    9   12   15   14   13   16    3    2    1    4    7    6    5    8
Perm #:   509 Perm:   11   10   15   14    3    2    7    6    9   12   13   16    1    4    5    8
Perm #:   510 Perm:   11   10   15   14    9   12   13   16    3    2    7    6    1    4    5    8
Perm #:   511 Perm:   11   12    3    4    9   10    1    2   15   16    7    8   13   14    5    6
Perm #:   512 Perm:   11   12    3    4   15   16    7    8    9   10    1    2   13   14    5    6
Perm #:   513 Perm:   11   12    9   10    3    4    1    2   15   16   13   14    7    8    5    6
Perm #:   514 Perm:   11   12    9   10   15   16   13   14    3    4    1    2    7    8    5    6
Perm #:   515 Perm:   11   12   15   16    3    4    7    8    9   10   13   14    1    2    5    6
Perm #:   516 Perm:   11   12   15   16    9   10   13   14    3    4    7    8    1    2    5    6
Perm #:   517 Perm:   11   14    3    6    9   16    1    8   15   10    7    2   13   12    5    4
Perm #:   518 Perm:   11   14    3    6   15   10    7    2    9   16    1    8   13   12    5    4
Perm #:   519 Perm:   11   14    9   16    3    6    1    8   15   10   13   12    7    2    5    4
Perm #:   520 Perm:   11   14    9   16   15   10   13   12    3    6    1    8    7    2    5    4
Perm #:   521 Perm:   11   14   15   10    3    6    7    2    9   16   13   12    1    8    5    4
Perm #:   522 Perm:   11   14   15   10    9   16   13   12    3    6    7    2    1    8    5    4
Perm #:   523 Perm:   11   16    3    8    9   14    1    6   15   12    7    4   13   10    5    2
Perm #:   524 Perm:   11   16    3    8   15   12    7    4    9   14    1    6   13   10    5    2
Perm #:   525 Perm:   11   16    9   14    3    8    1    6   15   12   13   10    7    4    5    2
Perm #:   526 Perm:   11   16    9   14   15   12   13   10    3    8    1    6    7    4    5    2
Perm #:   527 Perm:   11   16   15   12    3    8    7    4    9   14   13   10    1    6    5    2
Perm #:   528 Perm:   11   16   15   12    9   14   13   10    3    8    7    4    1    6    5    2
Perm #:   529 Perm:   12    1    4    9   10    3    2   11   16    5    8   13   14    7    6   15
Perm #:   530 Perm:   12    1    4    9   16    5    8   13   10    3    2   11   14    7    6   15
Perm #:   531 Perm:   12    1   10    3    4    9    2   11   16    5   14    7    8   13    6   15
Perm #:   532 Perm:   12    1   10    3   16    5   14    7    4    9    2   11    8   13    6   15
Perm #:   533 Perm:   12    1   16    5    4    9    8   13   10    3   14    7    2   11    6   15
Perm #:   534 Perm:   12    1   16    5   10    3   14    7    4    9    8   13    2   11    6   15
Perm #:   535 Perm:   12    3    4   11   10    1    2    9   16    7    8   15   14    5    6   13
Perm #:   536 Perm:   12    3    4   11   16    7    8   15   10    1    2    9   14    5    6   13
Perm #:   537 Perm:   12    3   10    1    4   11    2    9   16    7   14    5    8   15    6   13
Perm #:   538 Perm:   12    3   10    1   16    7   14    5    4   11    2    9    8   15    6   13
Perm #:   539 Perm:   12    3   16    7    4   11    8   15   10    1   14    5    2    9    6   13
Perm #:   540 Perm:   12    3   16    7   10    1   14    5    4   11    8   15    2    9    6   13
Perm #:   541 Perm:   12    5    4   13   10    7    2   15   16    1    8    9   14    3    6   11
Perm #:   542 Perm:   12    5    4   13   16    1    8    9   10    7    2   15   14    3    6   11
Perm #:   543 Perm:   12    5   10    7    4   13    2   15   16    1   14    3    8    9    6   11
Perm #:   544 Perm:   12    5   10    7   16    1   14    3    4   13    2   15    8    9    6   11
Perm #:   545 Perm:   12    5   16    1    4   13    8    9   10    7   14    3    2   15    6   11
Perm #:   546 Perm:   12    5   16    1   10    7   14    3    4   13    8    9    2   15    6   11
Perm #:   547 Perm:   12    7    4   15   10    5    2   13   16    3    8   11   14    1    6    9
Perm #:   548 Perm:   12    7    4   15   16    3    8   11   10    5    2   13   14    1    6    9
Perm #:   549 Perm:   12    7   10    5    4   15    2   13   16    3   14    1    8   11    6    9
Perm #:   550 Perm:   12    7   10    5   16    3   14    1    4   15    2   13    8   11    6    9
Perm #:   551 Perm:   12    7   16    3    4   15    8   11   10    5   14    1    2   13    6    9
Perm #:   552 Perm:   12    7   16    3   10    5   14    1    4   15    8   11    2   13    6    9
Perm #:   553 Perm:   12    9    4    1   10   11    2    3   16   13    8    5   14   15    6    7
Perm #:   554 Perm:   12    9    4    1   16   13    8    5   10   11    2    3   14   15    6    7
Perm #:   555 Perm:   12    9   10   11    4    1    2    3   16   13   14   15    8    5    6    7
Perm #:   556 Perm:   12    9   10   11   16   13   14   15    4    1    2    3    8    5    6    7
Perm #:   557 Perm:   12    9   16   13    4    1    8    5   10   11   14   15    2    3    6    7
Perm #:   558 Perm:   12    9   16   13   10   11   14   15    4    1    8    5    2    3    6    7
Perm #:   559 Perm:   12   11    4    3   10    9    2    1   16   15    8    7   14   13    6    5
Perm #:   560 Perm:   12   11    4    3   16   15    8    7   10    9    2    1   14   13    6    5
Perm #:   561 Perm:   12   11   10    9    4    3    2    1   16   15   14   13    8    7    6    5
Perm #:   562 Perm:   12   11   10    9   16   15   14   13    4    3    2    1    8    7    6    5
Perm #:   563 Perm:   12   11   16   15    4    3    8    7   10    9   14   13    2    1    6    5
Perm #:   564 Perm:   12   11   16   15   10    9   14   13    4    3    8    7    2    1    6    5
Perm #:   565 Perm:   12   13    4    5   10   15    2    7   16    9    8    1   14   11    6    3
Perm #:   566 Perm:   12   13    4    5   16    9    8    1   10   15    2    7   14   11    6    3
Perm #:   567 Perm:   12   13   10   15    4    5    2    7   16    9   14   11    8    1    6    3
Perm #:   568 Perm:   12   13   10   15   16    9   14   11    4    5    2    7    8    1    6    3
Perm #:   569 Perm:   12   13   16    9    4    5    8    1   10   15   14   11    2    7    6    3
Perm #:   570 Perm:   12   13   16    9   10   15   14   11    4    5    8    1    2    7    6    3
Perm #:   571 Perm:   12   15    4    7   10   13    2    5   16   11    8    3   14    9    6    1
Perm #:   572 Perm:   12   15    4    7   16   11    8    3   10   13    2    5   14    9    6    1
Perm #:   573 Perm:   12   15   10   13    4    7    2    5   16   11   14    9    8    3    6    1
Perm #:   574 Perm:   12   15   10   13   16   11   14    9    4    7    2    5    8    3    6    1
Perm #:   575 Perm:   12   15   16   11    4    7    8    3   10   13   14    9    2    5    6    1
Perm #:   576 Perm:   12   15   16   11   10   13   14    9    4    7    8    3    2    5    6    1
Perm #:   577 Perm:   13    2    5   10    9    6    1   14   15    4    7   12   11    8    3   16
Perm #:   578 Perm:   13    2    5   10   15    4    7   12    9    6    1   14   11    8    3   16
Perm #:   579 Perm:   13    2    9    6    5   10    1   14   15    4   11    8    7   12    3   16
Perm #:   580 Perm:   13    2    9    6   15    4   11    8    5   10    1   14    7   12    3   16
Perm #:   581 Perm:   13    2   15    4    5   10    7   12    9    6   11    8    1   14    3   16
Perm #:   582 Perm:   13    2   15    4    9    6   11    8    5   10    7   12    1   14    3   16
Perm #:   583 Perm:   13    4    5   12    9    8    1   16   15    2    7   10   11    6    3   14
Perm #:   584 Perm:   13    4    5   12   15    2    7   10    9    8    1   16   11    6    3   14
Perm #:   585 Perm:   13    4    9    8    5   12    1   16   15    2   11    6    7   10    3   14
Perm #:   586 Perm:   13    4    9    8   15    2   11    6    5   12    1   16    7   10    3   14
Perm #:   587 Perm:   13    4   15    2    5   12    7   10    9    8   11    6    1   16    3   14
Perm #:   588 Perm:   13    4   15    2    9    8   11    6    5   12    7   10    1   16    3   14
Perm #:   589 Perm:   13    6    5   14    9    2    1   10   15    8    7   16   11    4    3   12
Perm #:   590 Perm:   13    6    5   14   15    8    7   16    9    2    1   10   11    4    3   12
Perm #:   591 Perm:   13    6    9    2    5   14    1   10   15    8   11    4    7   16    3   12
Perm #:   592 Perm:   13    6    9    2   15    8   11    4    5   14    1   10    7   16    3   12
Perm #:   593 Perm:   13    6   15    8    5   14    7   16    9    2   11    4    1   10    3   12
Perm #:   594 Perm:   13    6   15    8    9    2   11    4    5   14    7   16    1   10    3   12
Perm #:   595 Perm:   13    8    5   16    9    4    1   12   15    6    7   14   11    2    3   10
Perm #:   596 Perm:   13    8    5   16   15    6    7   14    9    4    1   12   11    2    3   10
Perm #:   597 Perm:   13    8    9    4    5   16    1   12   15    6   11    2    7   14    3   10
Perm #:   598 Perm:   13    8    9    4   15    6   11    2    5   16    1   12    7   14    3   10
Perm #:   599 Perm:   13    8   15    6    5   16    7   14    9    4   11    2    1   12    3   10
Perm #:   600 Perm:   13    8   15    6    9    4   11    2    5   16    7   14    1   12    3   10
Perm #:   601 Perm:   13   10    5    2    9   14    1    6   15   12    7    4   11   16    3    8
Perm #:   602 Perm:   13   10    5    2   15   12    7    4    9   14    1    6   11   16    3    8
Perm #:   603 Perm:   13   10    9   14    5    2    1    6   15   12   11   16    7    4    3    8
Perm #:   604 Perm:   13   10    9   14   15   12   11   16    5    2    1    6    7    4    3    8
Perm #:   605 Perm:   13   10   15   12    5    2    7    4    9   14   11   16    1    6    3    8
Perm #:   606 Perm:   13   10   15   12    9   14   11   16    5    2    7    4    1    6    3    8
Perm #:   607 Perm:   13   12    5    4    9   16    1    8   15   10    7    2   11   14    3    6
Perm #:   608 Perm:   13   12    5    4   15   10    7    2    9   16    1    8   11   14    3    6
Perm #:   609 Perm:   13   12    9   16    5    4    1    8   15   10   11   14    7    2    3    6
Perm #:   610 Perm:   13   12    9   16   15   10   11   14    5    4    1    8    7    2    3    6
Perm #:   611 Perm:   13   12   15   10    5    4    7    2    9   16   11   14    1    8    3    6
Perm #:   612 Perm:   13   12   15   10    9   16   11   14    5    4    7    2    1    8    3    6
Perm #:   613 Perm:   13   14    5    6    9   10    1    2   15   16    7    8   11   12    3    4
Perm #:   614 Perm:   13   14    5    6   15   16    7    8    9   10    1    2   11   12    3    4
Perm #:   615 Perm:   13   14    9   10    5    6    1    2   15   16   11   12    7    8    3    4
Perm #:   616 Perm:   13   14    9   10   15   16   11   12    5    6    1    2    7    8    3    4
Perm #:   617 Perm:   13   14   15   16    5    6    7    8    9   10   11   12    1    2    3    4
Perm #:   618 Perm:   13   14   15   16    9   10   11   12    5    6    7    8    1    2    3    4
Perm #:   619 Perm:   13   16    5    8    9   12    1    4   15   14    7    6   11   10    3    2
Perm #:   620 Perm:   13   16    5    8   15   14    7    6    9   12    1    4   11   10    3    2
Perm #:   621 Perm:   13   16    9   12    5    8    1    4   15   14   11   10    7    6    3    2
Perm #:   622 Perm:   13   16    9   12   15   14   11   10    5    8    1    4    7    6    3    2
Perm #:   623 Perm:   13   16   15   14    5    8    7    6    9   12   11   10    1    4    3    2
Perm #:   624 Perm:   13   16   15   14    9   12   11   10    5    8    7    6    1    4    3    2
Perm #:   625 Perm:   14    1    6    9   10    5    2   13   16    3    8   11   12    7    4   15
Perm #:   626 Perm:   14    1    6    9   16    3    8   11   10    5    2   13   12    7    4   15
Perm #:   627 Perm:   14    1   10    5    6    9    2   13   16    3   12    7    8   11    4   15
Perm #:   628 Perm:   14    1   10    5   16    3   12    7    6    9    2   13    8   11    4   15
Perm #:   629 Perm:   14    1   16    3    6    9    8   11   10    5   12    7    2   13    4   15
Perm #:   630 Perm:   14    1   16    3   10    5   12    7    6    9    8   11    2   13    4   15
Perm #:   631 Perm:   14    3    6   11   10    7    2   15   16    1    8    9   12    5    4   13
Perm #:   632 Perm:   14    3    6   11   16    1    8    9   10    7    2   15   12    5    4   13
Perm #:   633 Perm:   14    3   10    7    6   11    2   15   16    1   12    5    8    9    4   13
Perm #:   634 Perm:   14    3   10    7   16    1   12    5    6   11    2   15    8    9    4   13
Perm #:   635 Perm:   14    3   16    1    6   11    8    9   10    7   12    5    2   15    4   13
Perm #:   636 Perm:   14    3   16    1   10    7   12    5    6   11    8    9    2   15    4   13
Perm #:   637 Perm:   14    5    6   13   10    1    2    9   16    7    8   15   12    3    4   11
Perm #:   638 Perm:   14    5    6   13   16    7    8   15   10    1    2    9   12    3    4   11
Perm #:   639 Perm:   14    5   10    1    6   13    2    9   16    7   12    3    8   15    4   11
Perm #:   640 Perm:   14    5   10    1   16    7   12    3    6   13    2    9    8   15    4   11
Perm #:   641 Perm:   14    5   16    7    6   13    8   15   10    1   12    3    2    9    4   11
Perm #:   642 Perm:   14    5   16    7   10    1   12    3    6   13    8   15    2    9    4   11
Perm #:   643 Perm:   14    7    6   15   10    3    2   11   16    5    8   13   12    1    4    9
Perm #:   644 Perm:   14    7    6   15   16    5    8   13   10    3    2   11   12    1    4    9
Perm #:   645 Perm:   14    7   10    3    6   15    2   11   16    5   12    1    8   13    4    9
Perm #:   646 Perm:   14    7   10    3   16    5   12    1    6   15    2   11    8   13    4    9
Perm #:   647 Perm:   14    7   16    5    6   15    8   13   10    3   12    1    2   11    4    9
Perm #:   648 Perm:   14    7   16    5   10    3   12    1    6   15    8   13    2   11    4    9
Perm #:   649 Perm:   14    9    6    1   10   13    2    5   16   11    8    3   12   15    4    7
Perm #:   650 Perm:   14    9    6    1   16   11    8    3   10   13    2    5   12   15    4    7
Perm #:   651 Perm:   14    9   10   13    6    1    2    5   16   11   12   15    8    3    4    7
Perm #:   652 Perm:   14    9   10   13   16   11   12   15    6    1    2    5    8    3    4    7
Perm #:   653 Perm:   14    9   16   11    6    1    8    3   10   13   12   15    2    5    4    7
Perm #:   654 Perm:   14    9   16   11   10   13   12   15    6    1    8    3    2    5    4    7
Perm #:   655 Perm:   14   11    6    3   10   15    2    7   16    9    8    1   12   13    4    5
Perm #:   656 Perm:   14   11    6    3   16    9    8    1   10   15    2    7   12   13    4    5
Perm #:   657 Perm:   14   11   10   15    6    3    2    7   16    9   12   13    8    1    4    5
Perm #:   658 Perm:   14   11   10   15   16    9   12   13    6    3    2    7    8    1    4    5
Perm #:   659 Perm:   14   11   16    9    6    3    8    1   10   15   12   13    2    7    4    5
Perm #:   660 Perm:   14   11   16    9   10   15   12   13    6    3    8    1    2    7    4    5
Perm #:   661 Perm:   14   13    6    5   10    9    2    1   16   15    8    7   12   11    4    3
Perm #:   662 Perm:   14   13    6    5   16   15    8    7   10    9    2    1   12   11    4    3
Perm #:   663 Perm:   14   13   10    9    6    5    2    1   16   15   12   11    8    7    4    3
Perm #:   664 Perm:   14   13   10    9   16   15   12   11    6    5    2    1    8    7    4    3
Perm #:   665 Perm:   14   13   16   15    6    5    8    7   10    9   12   11    2    1    4    3
Perm #:   666 Perm:   14   13   16   15   10    9   12   11    6    5    8    7    2    1    4    3
Perm #:   667 Perm:   14   15    6    7   10   11    2    3   16   13    8    5   12    9    4    1
Perm #:   668 Perm:   14   15    6    7   16   13    8    5   10   11    2    3   12    9    4    1
Perm #:   669 Perm:   14   15   10   11    6    7    2    3   16   13   12    9    8    5    4    1
Perm #:   670 Perm:   14   15   10   11   16   13   12    9    6    7    2    3    8    5    4    1
Perm #:   671 Perm:   14   15   16   13    6    7    8    5   10   11   12    9    2    3    4    1
Perm #:   672 Perm:   14   15   16   13   10   11   12    9    6    7    8    5    2    3    4    1
Perm #:   673 Perm:   15    2    7   10   11    6    3   14   13    4    5   12    9    8    1   16
Perm #:   674 Perm:   15    2    7   10   13    4    5   12   11    6    3   14    9    8    1   16
Perm #:   675 Perm:   15    2   11    6    7   10    3   14   13    4    9    8    5   12    1   16
Perm #:   676 Perm:   15    2   11    6   13    4    9    8    7   10    3   14    5   12    1   16
Perm #:   677 Perm:   15    2   13    4    7   10    5   12   11    6    9    8    3   14    1   16
Perm #:   678 Perm:   15    2   13    4   11    6    9    8    7   10    5   12    3   14    1   16
Perm #:   679 Perm:   15    4    7   12   11    8    3   16   13    2    5   10    9    6    1   14
Perm #:   680 Perm:   15    4    7   12   13    2    5   10   11    8    3   16    9    6    1   14
Perm #:   681 Perm:   15    4   11    8    7   12    3   16   13    2    9    6    5   10    1   14
Perm #:   682 Perm:   15    4   11    8   13    2    9    6    7   12    3   16    5   10    1   14
Perm #:   683 Perm:   15    4   13    2    7   12    5   10   11    8    9    6    3   16    1   14
Perm #:   684 Perm:   15    4   13    2   11    8    9    6    7   12    5   10    3   16    1   14
Perm #:   685 Perm:   15    6    7   14   11    2    3   10   13    8    5   16    9    4    1   12
Perm #:   686 Perm:   15    6    7   14   13    8    5   16   11    2    3   10    9    4    1   12
Perm #:   687 Perm:   15    6   11    2    7   14    3   10   13    8    9    4    5   16    1   12
Perm #:   688 Perm:   15    6   11    2   13    8    9    4    7   14    3   10    5   16    1   12
Perm #:   689 Perm:   15    6   13    8    7   14    5   16   11    2    9    4    3   10    1   12
Perm #:   690 Perm:   15    6   13    8   11    2    9    4    7   14    5   16    3   10    1   12
Perm #:   691 Perm:   15    8    7   16   11    4    3   12   13    6    5   14    9    2    1   10
Perm #:   692 Perm:   15    8    7   16   13    6    5   14   11    4    3   12    9    2    1   10
Perm #:   693 Perm:   15    8   11    4    7   16    3   12   13    6    9    2    5   14    1   10
Perm #:   694 Perm:   15    8   11    4   13    6    9    2    7   16    3   12    5   14    1   10
Perm #:   695 Perm:   15    8   13    6    7   16    5   14   11    4    9    2    3   12    1   10
Perm #:   696 Perm:   15    8   13    6   11    4    9    2    7   16    5   14    3   12    1   10
Perm #:   697 Perm:   15   10    7    2   11   14    3    6   13   12    5    4    9   16    1    8
Perm #:   698 Perm:   15   10    7    2   13   12    5    4   11   14    3    6    9   16    1    8
Perm #:   699 Perm:   15   10   11   14    7    2    3    6   13   12    9   16    5    4    1    8
Perm #:   700 Perm:   15   10   11   14   13   12    9   16    7    2    3    6    5    4    1    8
Perm #:   701 Perm:   15   10   13   12    7    2    5    4   11   14    9   16    3    6    1    8
Perm #:   702 Perm:   15   10   13   12   11   14    9   16    7    2    5    4    3    6    1    8
Perm #:   703 Perm:   15   12    7    4   11   16    3    8   13   10    5    2    9   14    1    6
Perm #:   704 Perm:   15   12    7    4   13   10    5    2   11   16    3    8    9   14    1    6
Perm #:   705 Perm:   15   12   11   16    7    4    3    8   13   10    9   14    5    2    1    6
Perm #:   706 Perm:   15   12   11   16   13   10    9   14    7    4    3    8    5    2    1    6
Perm #:   707 Perm:   15   12   13   10    7    4    5    2   11   16    9   14    3    8    1    6
Perm #:   708 Perm:   15   12   13   10   11   16    9   14    7    4    5    2    3    8    1    6
Perm #:   709 Perm:   15   14    7    6   11   10    3    2   13   16    5    8    9   12    1    4
Perm #:   710 Perm:   15   14    7    6   13   16    5    8   11   10    3    2    9   12    1    4
Perm #:   711 Perm:   15   14   11   10    7    6    3    2   13   16    9   12    5    8    1    4
Perm #:   712 Perm:   15   14   11   10   13   16    9   12    7    6    3    2    5    8    1    4
Perm #:   713 Perm:   15   14   13   16    7    6    5    8   11   10    9   12    3    2    1    4
Perm #:   714 Perm:   15   14   13   16   11   10    9   12    7    6    5    8    3    2    1    4
Perm #:   715 Perm:   15   16    7    8   11   12    3    4   13   14    5    6    9   10    1    2
Perm #:   716 Perm:   15   16    7    8   13   14    5    6   11   12    3    4    9   10    1    2
Perm #:   717 Perm:   15   16   11   12    7    8    3    4   13   14    9   10    5    6    1    2
Perm #:   718 Perm:   15   16   11   12   13   14    9   10    7    8    3    4    5    6    1    2
Perm #:   719 Perm:   15   16   13   14    7    8    5    6   11   12    9   10    3    4    1    2
Perm #:   720 Perm:   15   16   13   14   11   12    9   10    7    8    5    6    3    4    1    2
Perm #:   721 Perm:   16    1    8    9   12    5    4   13   14    3    6   11   10    7    2   15
Perm #:   722 Perm:   16    1    8    9   14    3    6   11   12    5    4   13   10    7    2   15
Perm #:   723 Perm:   16    1   12    5    8    9    4   13   14    3   10    7    6   11    2   15
Perm #:   724 Perm:   16    1   12    5   14    3   10    7    8    9    4   13    6   11    2   15
Perm #:   725 Perm:   16    1   14    3    8    9    6   11   12    5   10    7    4   13    2   15
Perm #:   726 Perm:   16    1   14    3   12    5   10    7    8    9    6   11    4   13    2   15
Perm #:   727 Perm:   16    3    8   11   12    7    4   15   14    1    6    9   10    5    2   13
Perm #:   728 Perm:   16    3    8   11   14    1    6    9   12    7    4   15   10    5    2   13
Perm #:   729 Perm:   16    3   12    7    8   11    4   15   14    1   10    5    6    9    2   13
Perm #:   730 Perm:   16    3   12    7   14    1   10    5    8   11    4   15    6    9    2   13
Perm #:   731 Perm:   16    3   14    1    8   11    6    9   12    7   10    5    4   15    2   13
Perm #:   732 Perm:   16    3   14    1   12    7   10    5    8   11    6    9    4   15    2   13
Perm #:   733 Perm:   16    5    8   13   12    1    4    9   14    7    6   15   10    3    2   11
Perm #:   734 Perm:   16    5    8   13   14    7    6   15   12    1    4    9   10    3    2   11
Perm #:   735 Perm:   16    5   12    1    8   13    4    9   14    7   10    3    6   15    2   11
Perm #:   736 Perm:   16    5   12    1   14    7   10    3    8   13    4    9    6   15    2   11
Perm #:   737 Perm:   16    5   14    7    8   13    6   15   12    1   10    3    4    9    2   11
Perm #:   738 Perm:   16    5   14    7   12    1   10    3    8   13    6   15    4    9    2   11
Perm #:   739 Perm:   16    7    8   15   12    3    4   11   14    5    6   13   10    1    2    9
Perm #:   740 Perm:   16    7    8   15   14    5    6   13   12    3    4   11   10    1    2    9
Perm #:   741 Perm:   16    7   12    3    8   15    4   11   14    5   10    1    6   13    2    9
Perm #:   742 Perm:   16    7   12    3   14    5   10    1    8   15    4   11    6   13    2    9
Perm #:   743 Perm:   16    7   14    5    8   15    6   13   12    3   10    1    4   11    2    9
Perm #:   744 Perm:   16    7   14    5   12    3   10    1    8   15    6   13    4   11    2    9
Perm #:   745 Perm:   16    9    8    1   12   13    4    5   14   11    6    3   10   15    2    7
Perm #:   746 Perm:   16    9    8    1   14   11    6    3   12   13    4    5   10   15    2    7
Perm #:   747 Perm:   16    9   12   13    8    1    4    5   14   11   10   15    6    3    2    7
Perm #:   748 Perm:   16    9   12   13   14   11   10   15    8    1    4    5    6    3    2    7
Perm #:   749 Perm:   16    9   14   11    8    1    6    3   12   13   10   15    4    5    2    7
Perm #:   750 Perm:   16    9   14   11   12   13   10   15    8    1    6    3    4    5    2    7
Perm #:   751 Perm:   16   11    8    3   12   15    4    7   14    9    6    1   10   13    2    5
Perm #:   752 Perm:   16   11    8    3   14    9    6    1   12   15    4    7   10   13    2    5
Perm #:   753 Perm:   16   11   12   15    8    3    4    7   14    9   10   13    6    1    2    5
Perm #:   754 Perm:   16   11   12   15   14    9   10   13    8    3    4    7    6    1    2    5
Perm #:   755 Perm:   16   11   14    9    8    3    6    1   12   15   10   13    4    7    2    5
Perm #:   756 Perm:   16   11   14    9   12   15   10   13    8    3    6    1    4    7    2    5
Perm #:   757 Perm:   16   13    8    5   12    9    4    1   14   15    6    7   10   11    2    3
Perm #:   758 Perm:   16   13    8    5   14   15    6    7   12    9    4    1   10   11    2    3
Perm #:   759 Perm:   16   13   12    9    8    5    4    1   14   15   10   11    6    7    2    3
Perm #:   760 Perm:   16   13   12    9   14   15   10   11    8    5    4    1    6    7    2    3
Perm #:   761 Perm:   16   13   14   15    8    5    6    7   12    9   10   11    4    1    2    3
Perm #:   762 Perm:   16   13   14   15   12    9   10   11    8    5    6    7    4    1    2    3
Perm #:   763 Perm:   16   15    8    7   12   11    4    3   14   13    6    5   10    9    2    1
Perm #:   764 Perm:   16   15    8    7   14   13    6    5   12   11    4    3   10    9    2    1
Perm #:   765 Perm:   16   15   12   11    8    7    4    3   14   13   10    9    6    5    2    1
Perm #:   766 Perm:   16   15   12   11   14   13   10    9    8    7    4    3    6    5    2    1
Perm #:   767 Perm:   16   15   14   13    8    7    6    5   12   11   10    9    4    3    2    1
Perm #:   768 Perm:   16   15   14   13   12   11   10    9    8    7    6    5    4    3    2    1
