Title: FourSpecies                                                                     
Lattice type (bulk or surface): BULK
  5.726   0.000   0.000
  0.000   5.726   0.000
  0.000   0.000   5.726
Number of labels:  4
Number of d-vectors:  16
  0.0000   0.0000   0.0000 0/1/2/3/
  1.4315   1.4315   1.4315 0/1/2/3/
  0.0000   0.0000  -2.8630 0/1/2/3/
  1.4315   1.4315  -1.4315 0/1/2/3/
  0.0000  -2.8630   0.0000 0/1/2/3/
  1.4315  -1.4315   1.4315 0/1/2/3/
  0.0000  -2.8630  -2.8630 0/1/2/3/
  1.4315  -1.4315  -1.4315 0/1/2/3/
 -2.8630   0.0000   0.0000 0/1/2/3/
 -1.4315   1.4315   1.4315 0/1/2/3/
 -2.8630   0.0000  -2.8630 0/1/2/3/
 -1.4315   1.4315  -1.4315 0/1/2/3/
 -2.8630  -2.8630   0.0000 0/1/2/3/
 -1.4315  -1.4315   1.4315 0/1/2/3/
 -2.8630  -2.8630  -2.8630 0/1/2/3/
 -1.4315  -1.4315  -1.4315 0/1/2/3/
Min and Max cell sizes:  1  1
Epsilon:   0.1000E-03
full/part mode: FULL
Concentration ranges are specified. Will run with using  the fixed-concentration algorithm.
Type 1 conc: 1/ 4-- 1/ 4
Type 2 conc: 1/ 4-- 1/ 4
Type 3 conc: 1/ 4-- 1/ 4
Type 4 conc: 1/ 4-- 1/ 4

--<< Successfully read the struct_enum.in file >>--

