 # <fortpy version="3" revision="247"></fortpy>
AlCo      
bulk
  5.7260000       0.0000000       0.0000000        # a1 parent lattice vector
  0.0000000       5.7260000       0.0000000        # a2 parent lattice vector
  0.0000000       0.0000000       5.7260000        # a3 parent lattice vector
   16 # Number of points in the multilattice
  0.0000000       0.0000000       0.0000000        # d01 d-vector, labels: 0/1
  1.4315000       1.4315000       1.4315000        # d02 d-vector, labels: 0/1
  0.0000000       0.0000000      -2.8630000        # d03 d-vector, labels: 0/1
  1.4315000       1.4315000      -1.4315000        # d04 d-vector, labels: 0/1
  0.0000000      -2.8630000       0.0000000        # d05 d-vector, labels: 0/1
  1.4315000      -1.4315000       1.4315000        # d06 d-vector, labels: 0/1
  0.0000000      -2.8630000      -2.8630000        # d07 d-vector, labels: 0/1
  1.4315000      -1.4315000      -1.4315000        # d08 d-vector, labels: 0/1
 -2.8630000       0.0000000       0.0000000        # d09 d-vector, labels: 0/1
 -1.4315000       1.4315000       1.4315000        # d10 d-vector, labels: 0/1
 -2.8630000       0.0000000      -2.8630000        # d11 d-vector, labels: 0/1
 -1.4315000       1.4315000      -1.4315000        # d12 d-vector, labels: 0/1
 -2.8630000      -2.8630000       0.0000000        # d13 d-vector, labels: 0/1
 -1.4315000      -1.4315000       1.4315000        # d14 d-vector, labels: 0/1
 -2.8630000      -2.8630000      -2.8630000        # d15 d-vector, labels: 0/1
 -1.4315000      -1.4315000      -1.4315000        # d16 d-vector, labels: 0/1
 2-nary case
   1   1 # Starting and ending cell sizes for search
 0.10000000E-03 # Epsilon (finite precision parameter)
Concentration check:
    T
Including only structures of which the concentration   of each atom is in the range:
Type 1:    1/   2 --    1/   2
Type 2:    1/   2 --    1/   2
full list of labelings (including incomplete labelings) is used
Equivalency list: 1  2  3  4  5  6  7  8  9 10 11 12 13 14 15 16
start   #tot      HNF     Hdegn   labdegn   Totdegn   #size idx    pg    SNF             HNF                 Left transform                          labeling
          1         1       1       12       12           1   1   768   1  1  1    1  0  1  0  0  1      1    0    0    0    1    0    0    0    1   0000000011111111
          2         1       1      384      384           2   1   768   1  1  1    1  0  1  0  0  1      1    0    0    0    1    0    0    0    1   0000000101111111
          3         1       1       96       96           3   1   768   1  1  1    1  0  1  0  0  1      1    0    0    0    1    0    0    0    1   0000000110111111
          4         1       1      192      192           4   1   768   1  1  1    1  0  1  0  0  1      1    0    0    0    1    0    0    0    1   0000000111101111
          5         1       1       96       96           5   1   768   1  1  1    1  0  1  0  0  1      1    0    0    0    1    0    0    0    1   0000000111111110
          6         1       1       64       64           6   1   768   1  1  1    1  0  1  0  0  1      1    0    0    0    1    0    0    0    1   0000001100111111
          7         1       1      768      768           7   1   768   1  1  1    1  0  1  0  0  1      1    0    0    0    1    0    0    0    1   0000001101011111
          8         1       1      384      384           8   1   768   1  1  1    1  0  1  0  0  1      1    0    0    0    1    0    0    0    1   0000001101101111
          9         1       1      384      384           9   1   768   1  1  1    1  0  1  0  0  1      1    0    0    0    1    0    0    0    1   0000001101111101
         10         1       1      384      384          10   1   768   1  1  1    1  0  1  0  0  1      1    0    0    0    1    0    0    0    1   0000001101111110
         11         1       1      192      192          11   1   768   1  1  1    1  0  1  0  0  1      1    0    0    0    1    0    0    0    1   0000001111001111
         12         1       1      384      384          12   1   768   1  1  1    1  0  1  0  0  1      1    0    0    0    1    0    0    0    1   0000001111010111
         13         1       1      384      384          13   1   768   1  1  1    1  0  1  0  0  1      1    0    0    0    1    0    0    0    1   0000001111011011
         14         1       1      768      768          14   1   768   1  1  1    1  0  1  0  0  1      1    0    0    0    1    0    0    0    1   0000001111011101
         15         1       1      768      768          15   1   768   1  1  1    1  0  1  0  0  1      1    0    0    0    1    0    0    0    1   0000001111011110
         16         1       1      192      192          16   1   768   1  1  1    1  0  1  0  0  1      1    0    0    0    1    0    0    0    1   0000001111111100
         17         1       1       96       96          17   1   768   1  1  1    1  0  1  0  0  1      1    0    0    0    1    0    0    0    1   0000010101011111
         18         1       1      192      192          18   1   768   1  1  1    1  0  1  0  0  1      1    0    0    0    1    0    0    0    1   0000010101110111
         19         1       1      768      768          19   1   768   1  1  1    1  0  1  0  0  1      1    0    0    0    1    0    0    0    1   0000010101111011
         20         1       1      192      192          20   1   768   1  1  1    1  0  1  0  0  1      1    0    0    0    1    0    0    0    1   0000010101111101
         21         1       1       24       24          21   1   768   1  1  1    1  0  1  0  0  1      1    0    0    0    1    0    0    0    1   0000010110101111
         22         1       1       96       96          22   1   768   1  1  1    1  0  1  0  0  1      1    0    0    0    1    0    0    0    1   0000010110111011
         23         1       1      192      192          23   1   768   1  1  1    1  0  1  0  0  1      1    0    0    0    1    0    0    0    1   0000010110111110
         24         1       1       48       48          24   1   768   1  1  1    1  0  1  0  0  1      1    0    0    0    1    0    0    0    1   0000010111111010
         25         1       1      384      384          25   1   768   1  1  1    1  0  1  0  0  1      1    0    0    0    1    0    0    0    1   0000011101110011
         26         1       1       96       96          26   1   768   1  1  1    1  0  1  0  0  1      1    0    0    0    1    0    0    0    1   0000011101110101
         27         1       1      384      384          27   1   768   1  1  1    1  0  1  0  0  1      1    0    0    0    1    0    0    0    1   0000011101111001
         28         1       1       96       96          28   1   768   1  1  1    1  0  1  0  0  1      1    0    0    0    1    0    0    0    1   0000011101111010
         29         1       1      384      384          29   1   768   1  1  1    1  0  1  0  0  1      1    0    0    0    1    0    0    0    1   0000011110110110
         30         1       1      384      384          30   1   768   1  1  1    1  0  1  0  0  1      1    0    0    0    1    0    0    0    1   0000011110111100
         31         1       1      768      768          31   1   768   1  1  1    1  0  1  0  0  1      1    0    0    0    1    0    0    0    1   0000011111010011
         32         1       1       96       96          32   1   768   1  1  1    1  0  1  0  0  1      1    0    0    0    1    0    0    0    1   0000011111010101
         33         1       1       96       96          33   1   768   1  1  1    1  0  1  0  0  1      1    0    0    0    1    0    0    0    1   0000011111011010
         34         1       1      384      384          34   1   768   1  1  1    1  0  1  0  0  1      1    0    0    0    1    0    0    0    1   0000011111110001
         35         1       1      192      192          35   1   768   1  1  1    1  0  1  0  0  1      1    0    0    0    1    0    0    0    1   0000011111110010
         36         1       1      192      192          36   1   768   1  1  1    1  0  1  0  0  1      1    0    0    0    1    0    0    0    1   0000011111111000
         37         1       1       12       12          37   1   768   1  1  1    1  0  1  0  0  1      1    0    0    0    1    0    0    0    1   0000111111110000
         38         1       1      192      192          38   1   768   1  1  1    1  0  1  0  0  1      1    0    0    0    1    0    0    0    1   0001010001011111
         39         1       1      384      384          39   1   768   1  1  1    1  0  1  0  0  1      1    0    0    0    1    0    0    0    1   0001010001101111
         40         1       1       96       96          40   1   768   1  1  1    1  0  1  0  0  1      1    0    0    0    1    0    0    0    1   0001010001111101
         41         1       1       24       24          41   1   768   1  1  1    1  0  1  0  0  1      1    0    0    0    1    0    0    0    1   0001010010111110
         42         1       1       24       24          42   1   768   1  1  1    1  0  1  0  0  1      1    0    0    0    1    0    0    0    1   0001010011101011
         43         1       1      128      128          43   1   768   1  1  1    1  0  1  0  0  1      1    0    0    0    1    0    0    0    1   0001010101010111
         44         1       1       96       96          44   1   768   1  1  1    1  0  1  0  0  1      1    0    0    0    1    0    0    0    1   0001010101011011
         45         1       1       96       96          45   1   768   1  1  1    1  0  1  0  0  1      1    0    0    0    1    0    0    0    1   0001010101011110
         46         1       1      192      192          46   1   768   1  1  1    1  0  1  0  0  1      1    0    0    0    1    0    0    0    1   0001010101101101
         47         1       1       96       96          47   1   768   1  1  1    1  0  1  0  0  1      1    0    0    0    1    0    0    0    1   0001010101111100
         48         1       1       32       32          48   1   768   1  1  1    1  0  1  0  0  1      1    0    0    0    1    0    0    0    1   0001011001101011
         49         1       1      128      128          49   1   768   1  1  1    1  0  1  0  0  1      1    0    0    0    1    0    0    0    1   0001011001101101
         50         1       1       96       96          50   1   768   1  1  1    1  0  1  0  0  1      1    0    0    0    1    0    0    0    1   0001011010111100
         51         1       1      384      384          51   1   768   1  1  1    1  0  1  0  0  1      1    0    0    0    1    0    0    0    1   0001011011000111
         52         1       1       96       96          52   1   768   1  1  1    1  0  1  0  0  1      1    0    0    0    1    0    0    0    1   0001011011001011
         53         1       1       96       96          53   1   768   1  1  1    1  0  1  0  0  1      1    0    0    0    1    0    0    0    1   0001011011010101
         54         1       1       96       96          54   1   768   1  1  1    1  0  1  0  0  1      1    0    0    0    1    0    0    0    1   0001011011101001
         55         1       1       32       32          55   1   768   1  1  1    1  0  1  0  0  1      1    0    0    0    1    0    0    0    1   0001011111010100
         56         1       1       24       24          56   1   768   1  1  1    1  0  1  0  0  1      1    0    0    0    1    0    0    0    1   0001101111100100
         57         1       1       24       24          57   1   768   1  1  1    1  0  1  0  0  1      1    0    0    0    1    0    0    0    1   0001111011100001
         58         1       1        4        4          58   1   768   1  1  1    1  0  1  0  0  1      1    0    0    0    1    0    0    0    1   0011110011000011
         59         1       1        2        2          59   1   768   1  1  1    1  0  1  0  0  1      1    0    0    0    1    0    0    0    1   0101010101010101
